2021-11-05 23:54:44.906972254 UTC    INFO rbatis::plugin::log - [rbatis] [] Exec   ==> CREATE TABLE biz_uuid( id uuid, name VARCHAR, PRIMARY KEY(id));
                                                                [rbatis] [] Args   ==> []
2021-11-05 23:54:44.953825498 UTC    ERROR rbatis::plugin::log - [rbatis] [] ReturnErr  <== error returned from database: 1064 (42000): You have an error in your SQL syntax; check the manual that corresponds to your MySQL server version for the right syntax to use near 'uuid, name VARCHAR, PRIMARY KEY(id))' at line 1  (/home/lvpiche/.cargo/registry/src/github.com-1ecc6299db9ec823/rbatis-3.0.4/src/plugin/log.rs:43)
2021-11-05 23:54:44.957101408 UTC    INFO rbatis::plugin::log - [rbatis] [] Exec   ==> insert into biz_uuid (id,name) values (?,?)
                                                                [rbatis] [] Args   ==> [Binary(0x4, ZGYwN2ZlYTItYjgxOS00ZTA1LWI4NmQtZGZjMTVhNWY1MmE5), "test"]
2021-11-05 23:54:44.959630957 UTC    ERROR rbatis::plugin::log - [rbatis] [] ReturnErr  <== error returned from database: 1146 (42S02): Table 'MYDB.biz_uuid' doesn't exist  (/home/lvpiche/.cargo/registry/src/github.com-1ecc6299db9ec823/rbatis-3.0.4/src/plugin/log.rs:43)
2021-11-05 23:54:44.960477216 UTC    INFO rbatis::plugin::log - [rbatis] [] Exec   ==> update biz_uuid set  name = ?  where id = ?
                                                                [rbatis] [] Args   ==> ["test_updated", Binary(0x4, ZGYwN2ZlYTItYjgxOS00ZTA1LWI4NmQtZGZjMTVhNWY1MmE5)]
2021-11-05 23:54:44.962001547 UTC    ERROR rbatis::plugin::log - [rbatis] [] ReturnErr  <== error returned from database: 1146 (42S02): Table 'MYDB.biz_uuid' doesn't exist  (/home/lvpiche/.cargo/registry/src/github.com-1ecc6299db9ec823/rbatis-3.0.4/src/plugin/log.rs:43)
2021-11-05 23:54:44.962631951 UTC    INFO rbatis::plugin::log - [rbatis] [] Fetch  ==> select id,name from biz_uuid  where id = ? 
                                                                [rbatis] [] Args   ==> [Binary(0x4, ZGYwN2ZlYTItYjgxOS00ZTA1LWI4NmQtZGZjMTVhNWY1MmE5)]
2021-11-05 23:54:44.963704234 UTC    ERROR rbatis::plugin::log - [rbatis] [] ReturnErr  <== error returned from database: 1146 (42S02): Table 'MYDB.biz_uuid' doesn't exist  (/home/lvpiche/.cargo/registry/src/github.com-1ecc6299db9ec823/rbatis-3.0.4/src/plugin/log.rs:43)
2021-11-06 10:27:17.207836264 UTC    INFO rbatis::plugin::log - [rbatis] [] Exec   ==> CREATE TABLE biz_uuid( id VARCHAR primary key COMMENT 'Primary Key', name VARCHAR, PRIMARY KEY(id));
                                                                [rbatis] [] Args   ==> []
2021-11-06 10:27:17.208171905 UTC    ERROR rbatis::plugin::log - [rbatis] [] ReturnErr  <== error returned from database: 1064 (42000): You have an error in your SQL syntax; check the manual that corresponds to your MySQL server version for the right syntax to use near 'primary key COMMENT 'Primary Key', name VARCHAR, PRIMARY KEY(id))' at line 1  (/home/lvpiche/.cargo/registry/src/github.com-1ecc6299db9ec823/rbatis-3.0.4/src/plugin/log.rs:43)
2021-11-06 10:27:17.210664970 UTC    INFO rbatis::plugin::log - [rbatis] [] Exec   ==> insert into biz_uuid (id,name) values (?,?)
                                                                [rbatis] [] Args   ==> [Binary(0x4, ZGYwN2ZlYTItYjgxOS00ZTA1LWI4NmQtZGZjMTVhNWY1MmE5), "test"]
2021-11-06 10:27:17.213131776 UTC    ERROR rbatis::plugin::log - [rbatis] [] ReturnErr  <== error returned from database: 1146 (42S02): Table 'MYDB.biz_uuid' doesn't exist  (/home/lvpiche/.cargo/registry/src/github.com-1ecc6299db9ec823/rbatis-3.0.4/src/plugin/log.rs:43)
2021-11-06 10:27:17.213952849 UTC    INFO rbatis::plugin::log - [rbatis] [] Exec   ==> update biz_uuid set  name = ?  where id = ?
                                                                [rbatis] [] Args   ==> ["test_updated", Binary(0x4, ZGYwN2ZlYTItYjgxOS00ZTA1LWI4NmQtZGZjMTVhNWY1MmE5)]
2021-11-06 10:27:17.215606717 UTC    ERROR rbatis::plugin::log - [rbatis] [] ReturnErr  <== error returned from database: 1146 (42S02): Table 'MYDB.biz_uuid' doesn't exist  (/home/lvpiche/.cargo/registry/src/github.com-1ecc6299db9ec823/rbatis-3.0.4/src/plugin/log.rs:43)
2021-11-06 10:27:17.217041935 UTC    INFO rbatis::plugin::log - [rbatis] [] Fetch  ==> select id,name from biz_uuid  where id = ? 
                                                                [rbatis] [] Args   ==> [Binary(0x4, ZGYwN2ZlYTItYjgxOS00ZTA1LWI4NmQtZGZjMTVhNWY1MmE5)]
2021-11-06 10:27:17.218656068 UTC    ERROR rbatis::plugin::log - [rbatis] [] ReturnErr  <== error returned from database: 1146 (42S02): Table 'MYDB.biz_uuid' doesn't exist  (/home/lvpiche/.cargo/registry/src/github.com-1ecc6299db9ec823/rbatis-3.0.4/src/plugin/log.rs:43)
2021-11-06 14:14:17.950869733 UTC    INFO rbatis::plugin::log - [rbatis] [] Exec   ==> insert into envelope (rid,uid,snatch_time,status,value) values (?,?,?,?,?)
                                                                [rbatis] [] Args   ==> ["rid_test1", "uid_test1", 0, 0, 0]
2021-11-06 14:14:17.987916646 UTC    INFO rbatis::plugin::log - [rbatis] [] RowsAffected <== 1
2021-11-06 14:14:17.993556344 UTC    INFO rbatis::plugin::log - [rbatis] [] Fetch  ==> select * from envelope where rid = ?
                                                                [rbatis] [] Args   ==> ["rid_test1"]
2021-11-06 14:14:17.996206688 UTC    ERROR rbatis::plugin::log - [rbatis] [] ReturnErr  <== invalid type: unit value, expected struct Envelope  (/home/lvpiche/.cargo/registry/src/github.com-1ecc6299db9ec823/rbatis-3.0.4/src/plugin/log.rs:43)
2021-11-06 14:15:45.571382243 UTC    INFO rbatis::plugin::log - [rbatis] [] Exec   ==> insert into envelope (rid,uid,snatch_time,status,value) values (?,?,?,?,?)
                                                                [rbatis] [] Args   ==> ["rid_test1", "uid_test1", 0, 0, 0]
2021-11-06 14:15:45.573983507 UTC    ERROR rbatis::plugin::log - [rbatis] [] ReturnErr  <== error returned from database: 1062 (23000): Duplicate entry 'rid_test1' for key 'envelope.PRIMARY'  (/home/lvpiche/.cargo/registry/src/github.com-1ecc6299db9ec823/rbatis-3.0.4/src/plugin/log.rs:43)
2021-11-06 14:22:01.293710863 UTC    INFO rbatis::plugin::log - [rbatis] [] Exec   ==> insert into envelope (rid,uid,snatch_time,status,value) values (?,?,?,?,?)
                                                                [rbatis] [] Args   ==> ["rid_test1", "uid_test1", 0, 0, 0]
2021-11-06 14:22:01.302361532 UTC    INFO rbatis::plugin::log - [rbatis] [] RowsAffected <== 1
2021-11-06 14:22:01.305715108 UTC    INFO rbatis::plugin::log - [rbatis] [] Fetch  ==> select * from envelope where rid = ?
                                                                [rbatis] [] Args   ==> ["rid_test1"]
2021-11-06 14:22:01.307634879 UTC    INFO rbatis::plugin::log - [rbatis] [] ReturnRows <== 1
2021-11-06 14:22:01.308238251 UTC    INFO rbatis::plugin::log - [rbatis] [] Fetch  ==> UPDATE envelope SET status = 1 WHERE id where rid = ?
                                                                [rbatis] [] Args   ==> ["rid_test1"]
2021-11-06 14:22:01.309224782 UTC    ERROR rbatis::plugin::log - [rbatis] [] ReturnErr  <== error returned from database: 1064 (42000): You have an error in your SQL syntax; check the manual that corresponds to your MySQL server version for the right syntax to use near 'where rid = ?' at line 1  (/home/lvpiche/.cargo/registry/src/github.com-1ecc6299db9ec823/rbatis-3.0.4/src/plugin/log.rs:43)
2021-11-06 14:24:09.096908824 UTC    INFO rbatis::plugin::log - [rbatis] [] Exec   ==> insert into envelope (rid,uid,snatch_time,status,value) values (?,?,?,?,?)
                                                                [rbatis] [] Args   ==> ["rid_test1", "uid_test1", 0, 0, 0]
2021-11-06 14:24:09.111041971 UTC    INFO rbatis::plugin::log - [rbatis] [] RowsAffected <== 1
2021-11-06 14:24:09.114381932 UTC    INFO rbatis::plugin::log - [rbatis] [] Fetch  ==> select * from envelope where rid = ?
                                                                [rbatis] [] Args   ==> ["rid_test1"]
2021-11-06 14:24:09.116373296 UTC    INFO rbatis::plugin::log - [rbatis] [] ReturnRows <== 1
2021-11-06 14:24:09.116827554 UTC    INFO rbatis::plugin::log - [rbatis] [] Fetch  ==> UPDATE envelope SET status = 1 WHERE id where rid = ?
                                                                [rbatis] [] Args   ==> ["rid_test1"]
2021-11-06 14:24:09.117629072 UTC    ERROR rbatis::plugin::log - [rbatis] [] ReturnErr  <== error returned from database: 1064 (42000): You have an error in your SQL syntax; check the manual that corresponds to your MySQL server version for the right syntax to use near 'where rid = ?' at line 1  (/home/lvpiche/.cargo/registry/src/github.com-1ecc6299db9ec823/rbatis-3.0.4/src/plugin/log.rs:43)
2021-11-06 14:26:24.042711540 UTC    INFO rbatis::plugin::log - [rbatis] [] Exec   ==> insert into envelope (rid,uid,snatch_time,status,value) values (?,?,?,?,?)
                                                                [rbatis] [] Args   ==> ["rid_test1", "uid_test1", 0, 0, 0]
2021-11-06 14:26:24.056996261 UTC    INFO rbatis::plugin::log - [rbatis] [] RowsAffected <== 1
2021-11-06 14:26:24.060976267 UTC    INFO rbatis::plugin::log - [rbatis] [] Fetch  ==> select * from envelope where rid = ?
                                                                [rbatis] [] Args   ==> ["rid_test1"]
2021-11-06 14:26:24.062830670 UTC    INFO rbatis::plugin::log - [rbatis] [] ReturnRows <== 1
2021-11-06 14:26:24.063244630 UTC    INFO rbatis::plugin::log - [rbatis] [] Fetch  ==> UPDATE envelope SET status = 1 WHERE rid = ?
                                                                [rbatis] [] Args   ==> ["rid_test1"]
2021-11-06 14:26:24.070683264 UTC    ERROR rbatis::plugin::log - [rbatis] [] ReturnErr  <== invalid type: unit value, expected u64  (/home/lvpiche/.cargo/registry/src/github.com-1ecc6299db9ec823/rbatis-3.0.4/src/plugin/log.rs:43)
2021-11-06 14:27:52.069226769 UTC    INFO rbatis::plugin::log - [rbatis] [] Exec   ==> insert into envelope (rid,uid,snatch_time,status,value) values (?,?,?,?,?)
                                                                [rbatis] [] Args   ==> ["rid_test1", "uid_test1", 0, 0, 0]
2021-11-06 14:27:52.070582110 UTC    ERROR rbatis::plugin::log - [rbatis] [] ReturnErr  <== error returned from database: 1062 (23000): Duplicate entry 'rid_test1' for key 'envelope.PRIMARY'  (/home/lvpiche/.cargo/registry/src/github.com-1ecc6299db9ec823/rbatis-3.0.4/src/plugin/log.rs:43)
2021-11-06 14:28:15.635266288 UTC    INFO rbatis::plugin::log - [rbatis] [] Exec   ==> insert into envelope (rid,uid,snatch_time,status,value) values (?,?,?,?,?)
                                                                [rbatis] [] Args   ==> ["rid_test1", "uid_test1", 0, 0, 0]
2021-11-06 14:28:15.644538363 UTC    INFO rbatis::plugin::log - [rbatis] [] RowsAffected <== 1
2021-11-06 14:28:15.647286552 UTC    INFO rbatis::plugin::log - [rbatis] [] Fetch  ==> select * from envelope where rid = ?
                                                                [rbatis] [] Args   ==> ["rid_test1"]
2021-11-06 14:28:15.649013520 UTC    INFO rbatis::plugin::log - [rbatis] [] ReturnRows <== 1
2021-11-06 14:28:15.649884442 UTC    INFO rbatis::plugin::log - [rbatis] [] Fetch  ==> UPDATE envelope SET status = 1 WHERE rid = ?
                                                                [rbatis] [] Args   ==> ["rid_test1"]
2021-11-06 14:28:15.658360115 UTC    ERROR rbatis::plugin::log - [rbatis] [] ReturnErr  <== invalid type: unit value, expected usize  (/home/lvpiche/.cargo/registry/src/github.com-1ecc6299db9ec823/rbatis-3.0.4/src/plugin/log.rs:43)
2021-11-06 14:30:01.114972257 UTC    INFO rbatis::plugin::log - [rbatis] [] Exec   ==> insert into envelope (rid,uid,snatch_time,status,value) values (?,?,?,?,?)
                                                                [rbatis] [] Args   ==> ["rid_test1", "uid_test1", 0, 0, 0]
2021-11-06 14:30:01.116303789 UTC    ERROR rbatis::plugin::log - [rbatis] [] ReturnErr  <== error returned from database: 1062 (23000): Duplicate entry 'rid_test1' for key 'envelope.PRIMARY'  (/home/lvpiche/.cargo/registry/src/github.com-1ecc6299db9ec823/rbatis-3.0.4/src/plugin/log.rs:43)
2021-11-06 14:30:07.877555752 UTC    INFO rbatis::plugin::log - [rbatis] [] Exec   ==> insert into envelope (rid,uid,snatch_time,status,value) values (?,?,?,?,?)
                                                                [rbatis] [] Args   ==> ["rid_test1", "uid_test1", 0, 0, 0]
2021-11-06 14:30:07.884989214 UTC    INFO rbatis::plugin::log - [rbatis] [] RowsAffected <== 1
2021-11-06 14:30:07.887992617 UTC    INFO rbatis::plugin::log - [rbatis] [] Fetch  ==> select * from envelope where rid = ?
                                                                [rbatis] [] Args   ==> ["rid_test1"]
2021-11-06 14:30:07.889908584 UTC    INFO rbatis::plugin::log - [rbatis] [] ReturnRows <== 1
2021-11-06 14:30:07.890447273 UTC    INFO rbatis::plugin::log - [rbatis] [] Fetch  ==> UPDATE envelope SET status = 1 WHERE rid = ?
                                                                [rbatis] [] Args   ==> ["rid_test1"]
2021-11-06 14:30:07.897888627 UTC    INFO rbatis::plugin::log - [rbatis] [] ReturnRows <== 0
2021-11-06 14:30:07.898415373 UTC    INFO rbatis::plugin::log - [rbatis] [] Exec   ==> delete from envelope where rid = ?
                                                                [rbatis] [] Args   ==> ["rid_test1"]
2021-11-06 14:30:07.907452331 UTC    INFO rbatis::plugin::log - [rbatis] [] RowsAffected <== 1
2021-11-06 14:37:48.688630945 UTC    INFO rbatis::plugin::log - [rbatis] [] Fetch  ==> INSERT INTO envelope (rid,uid,snatch_time,status,value) VALUES (?, ?, ?, ?, ?)
                                                                [rbatis] [] Args   ==> [{ "rid": "_______this_nothing____rid_test1", "uid": "_______this_nothing____uid_test1", "snatch_time": 0, "status": 0, "value": 0 }]
2021-11-06 14:38:36.906509275 UTC    INFO rbatis::plugin::log - [rbatis] [] Exec   ==> insert into envelope (rid,uid,snatch_time,status,value) values (?,?,?,?,?)
                                                                [rbatis] [] Args   ==> ["_______this_nothing____rid_test1", "_______this_nothing____uid_test1", 0, 0, 0]
2021-11-06 14:38:36.957009159 UTC    INFO rbatis::plugin::log - [rbatis] [] RowsAffected <== 1
2021-11-06 14:38:36.960665832 UTC    INFO rbatis::plugin::log - [rbatis] [] Fetch  ==> select * from envelope where rid = ?
                                                                [rbatis] [] Args   ==> ["_______this_nothing____rid_test1"]
2021-11-06 14:38:36.962960436 UTC    INFO rbatis::plugin::log - [rbatis] [] ReturnRows <== 1
2021-11-06 14:38:36.964242116 UTC    INFO rbatis::plugin::log - [rbatis] [] Fetch  ==> UPDATE envelope SET status = 1 WHERE rid = ?
                                                                [rbatis] [] Args   ==> ["_______this_nothing____rid_test1"]
2021-11-06 14:38:36.972601283 UTC    INFO rbatis::plugin::log - [rbatis] [] ReturnRows <== 0
2021-11-06 14:38:36.973071322 UTC    INFO rbatis::plugin::log - [rbatis] [] Exec   ==> delete from envelope where rid = ?
                                                                [rbatis] [] Args   ==> ["_______this_nothing____rid_test1"]
2021-11-06 14:38:36.982287876 UTC    INFO rbatis::plugin::log - [rbatis] [] RowsAffected <== 1
2021-11-06 15:05:38.520471683 UTC    INFO rbatis::plugin::log - [rbatis] [] Exec   ==> create table if not exists envelope(rid varchar primary key not null, uid varchar not null, value int not null, status smallint not null,snatch_time bigint not null);
                                                                [rbatis] [] Args   ==> []
2021-11-06 15:05:38.524215422 UTC    ERROR rbatis::plugin::log - [rbatis] [] ReturnErr  <== error returned from database: 1064 (42000): You have an error in your SQL syntax; check the manual that corresponds to your MySQL server version for the right syntax to use near 'primary key not null, uid varchar not null, value int not null, status smallint ' at line 1  (/home/lvpiche/.cargo/registry/src/github.com-1ecc6299db9ec823/rbatis-3.0.4/src/plugin/log.rs:43)
2021-11-06 15:17:56.993895673 UTC    INFO rbatis::plugin::log - [rbatis] [] Exec   ==> create table if not exists envelope(rid varchar(255) primary key not null,uid varchar(255) not null,value int not null,status smallint not null,snatch_time bigint not null);
                                                                [rbatis] [] Args   ==> []
2021-11-06 15:17:57.055993394 UTC    INFO rbatis::plugin::log - [rbatis] [] RowsAffected <== 0
2021-11-06 15:17:57.059784188 UTC    INFO rbatis::plugin::log - [rbatis] [] Exec   ==> insert into envelope (rid,uid,snatch_time,status,value) values (?,?,?,?,?)
                                                                [rbatis] [] Args   ==> ["_______this_nothing____rid_test1", "_______this_nothing____uid_test1", 0, 0, 0]
2021-11-06 15:17:57.068681172 UTC    INFO rbatis::plugin::log - [rbatis] [] RowsAffected <== 1
2021-11-06 15:17:57.069060063 UTC    INFO rbatis::plugin::log - [rbatis] [] Fetch  ==> select * from envelope where rid = ?
                                                                [rbatis] [] Args   ==> ["_______this_nothing____rid_test1"]
2021-11-06 15:17:57.070991184 UTC    INFO rbatis::plugin::log - [rbatis] [] ReturnRows <== 1
2021-11-06 15:17:57.071343675 UTC    INFO rbatis::plugin::log - [rbatis] [] Fetch  ==> UPDATE envelope SET status = 1 WHERE rid = ?
                                                                [rbatis] [] Args   ==> ["_______this_nothing____rid_test1"]
2021-11-06 15:17:57.095041356 UTC    INFO rbatis::plugin::log - [rbatis] [] ReturnRows <== 0
2021-11-06 15:17:57.095677473 UTC    INFO rbatis::plugin::log - [rbatis] [] Exec   ==> delete from envelope where rid = ?
                                                                [rbatis] [] Args   ==> ["_______this_nothing____rid_test1"]
2021-11-06 15:17:57.133215878 UTC    INFO rbatis::plugin::log - [rbatis] [] RowsAffected <== 1
2021-11-06 15:42:42.893884116 UTC    INFO red_packet_transport::server - Starting event loop
2021-11-06 15:42:45.904935188 UTC    ERROR red_packet_transport - task panicked  (src/main.rs:9)
2021-11-06 15:44:34.358096198 UTC    INFO red_packet_transport::server - Starting event loop
2021-11-06 15:45:12.902144647 UTC    INFO red_packet_transport::server - Message received: Message { ptr: 0x7fd4c8002e48 }
2021-11-06 15:45:16.555874411 UTC    INFO red_packet_transport::server - Message received: Message { ptr: 0x7fd4c8003208 }
2021-11-06 15:45:20.082276066 UTC    INFO red_packet_transport::server - Message received: Message { ptr: 0x7fd4c80035c8 }
2021-11-06 15:45:23.541751812 UTC    INFO red_packet_transport::server - Message received: Message { ptr: 0x7fd4c8003a18 }
2021-11-06 15:45:27.110238491 UTC    INFO red_packet_transport::server - Message received: Message { ptr: 0x7fd4c8003e68 }
2021-11-06 15:45:30.712206565 UTC    INFO red_packet_transport::server - Message received: Message { ptr: 0x7fd4c80042b8 }
2021-11-06 15:45:34.173370445 UTC    INFO red_packet_transport::server - Message received: Message { ptr: 0x7fd4c8004708 }
2021-11-06 15:45:37.813142588 UTC    INFO red_packet_transport::server - Message received: Message { ptr: 0x7fd4c8004b58 }
2021-11-06 15:45:41.359714639 UTC    INFO red_packet_transport::server - Message received: Message { ptr: 0x7fd4c8004ac8 }
2021-11-06 15:45:44.842174068 UTC    INFO red_packet_transport::server - Message received: Message { ptr: 0x7fd4c8004ac8 }
2021-11-06 15:45:56.472368043 UTC    INFO red_packet_transport::server - Message received: Message { ptr: 0x7fd4c8004ac8 }
2021-11-06 15:45:59.052428416 UTC    INFO red_packet_transport::server - Message received: Message { ptr: 0x7fd4c8004ac8 }
2021-11-06 15:52:11.171615219 UTC    INFO red_packet_transport::server - Starting event loop
2021-11-06 15:52:23.242068310 UTC    INFO red_packet_transport::server - Message received: Message { ptr: 0x7f90f8002e48 }
2021-11-06 15:52:26.765278571 UTC    INFO red_packet_transport::server - Message received: Message { ptr: 0x7f90f8003208 }
2021-11-06 15:52:30.398577191 UTC    INFO red_packet_transport::server - Message received: Message { ptr: 0x7f90f80035c8 }
2021-11-06 15:52:33.957542749 UTC    INFO red_packet_transport::server - Message received: Message { ptr: 0x7f90f8003a18 }
2021-11-06 15:52:37.597625698 UTC    INFO red_packet_transport::server - Message received: Message { ptr: 0x7f90f8003e68 }
2021-11-06 15:52:41.061205255 UTC    INFO red_packet_transport::server - Message received: Message { ptr: 0x7f90f80042b8 }
2021-11-06 15:52:44.588302145 UTC    INFO red_packet_transport::server - Message received: Message { ptr: 0x7f90f8004708 }
2021-11-06 15:52:48.114875955 UTC    INFO red_packet_transport::server - Message received: Message { ptr: 0x7f90f8004b58 }
2021-11-06 15:52:51.576186037 UTC    INFO red_packet_transport::server - Message received: Message { ptr: 0x7f90f8004fa8 }
2021-11-06 15:52:55.099751686 UTC    INFO red_packet_transport::server - Message received: Message { ptr: 0x7f90f80053f8 }
2021-11-06 21:47:49.446100904 UTC    INFO red_packet_transport::server - Starting event loop
2021-11-06 22:00:13.104123804 UTC    INFO red_packet_transport::server - Message received: Message { ptr: 0x7f3c2c002e48 }
2021-11-06 22:00:16.678963369 UTC    INFO red_packet_transport::server - Message received: Message { ptr: 0x7f3c2c003208 }
2021-11-06 22:00:20.269639050 UTC    INFO red_packet_transport::server - Message received: Message { ptr: 0x7f3c2c003658 }
2021-11-06 22:00:23.846332081 UTC    INFO red_packet_transport::server - Message received: Message { ptr: 0x7f3c2c003aa8 }
2021-11-06 22:00:27.478019995 UTC    INFO red_packet_transport::server - Message received: Message { ptr: 0x7f3c2c003bd8 }
2021-11-06 22:00:31.077772930 UTC    INFO red_packet_transport::server - Message received: Message { ptr: 0x7f3c2c004028 }
2021-11-06 22:00:34.691400772 UTC    INFO red_packet_transport::server - Message received: Message { ptr: 0x7f3c2c004478 }
2021-11-06 22:00:38.322070117 UTC    INFO red_packet_transport::server - Message received: Message { ptr: 0x7f3c2c0048c8 }
2021-11-06 22:00:41.830712 UTC       INFO red_packet_transport::server - Message received: Message { ptr: 0x7f3c2c004d18 }
2021-11-06 22:00:45.403965758 UTC    INFO red_packet_transport::server - Message received: Message { ptr: 0x7f3c2c005168 }
2021-11-06 22:06:39.331507566 UTC    INFO red_packet_transport::server - Message received: Message { ptr: 0x7f3c2c005508 }
2021-11-06 22:12:27.890663241 UTC    INFO red_packet_transport::server - Message received: Message { ptr: 0x7f3c2c005478 }
2021-11-07 18:11:07.819220419 UTC    INFO red_packet_transport::server - Starting event loop
2021-11-07 18:11:07.819557683 UTC    ERROR rdkafka::client - librdkafka: FAIL [thrd:localhost:9092/bootstrap]: localhost:9092/bootstrap: Connect to ipv4#127.0.0.1:9092 failed: Connection refused (after 0ms in state CONNECT)  (/home/lvpiche/.cargo/registry/src/github.com-1ecc6299db9ec823/rdkafka-0.27.0/src/client.rs:63)
2021-11-07 18:11:07.819696457 UTC    ERROR rdkafka::client - librdkafka: Global error: BrokerTransportFailure (Local: Broker transport failure): localhost:9092/bootstrap: Connect to ipv4#127.0.0.1:9092 failed: Connection refused (after 0ms in state CONNECT)  (/home/lvpiche/.cargo/registry/src/github.com-1ecc6299db9ec823/rdkafka-0.27.0/src/client.rs:92)
2021-11-07 18:11:07.819751842 UTC    ERROR rdkafka::client - librdkafka: Global error: AllBrokersDown (Local: All broker connections are down): 1/1 brokers are down  (/home/lvpiche/.cargo/registry/src/github.com-1ecc6299db9ec823/rdkafka-0.27.0/src/client.rs:92)
2021-11-07 18:11:08.818534817 UTC    ERROR rdkafka::client - librdkafka: FAIL [thrd:localhost:9092/bootstrap]: localhost:9092/bootstrap: Connect to ipv6#[::1]:9092 failed: Connection refused (after 0ms in state CONNECT)  (/home/lvpiche/.cargo/registry/src/github.com-1ecc6299db9ec823/rdkafka-0.27.0/src/client.rs:63)
2021-11-07 18:11:08.818775840 UTC    ERROR rdkafka::client - librdkafka: Global error: BrokerTransportFailure (Local: Broker transport failure): localhost:9092/bootstrap: Connect to ipv6#[::1]:9092 failed: Connection refused (after 0ms in state CONNECT)  (/home/lvpiche/.cargo/registry/src/github.com-1ecc6299db9ec823/rdkafka-0.27.0/src/client.rs:92)
2021-11-07 18:11:09.818641286 UTC    ERROR rdkafka::client - librdkafka: FAIL [thrd:localhost:9092/bootstrap]: localhost:9092/bootstrap: Connect to ipv6#[::1]:9092 failed: Connection refused (after 0ms in state CONNECT, 1 identical error(s) suppressed)  (/home/lvpiche/.cargo/registry/src/github.com-1ecc6299db9ec823/rdkafka-0.27.0/src/client.rs:63)
2021-11-07 18:11:09.819150219 UTC    ERROR rdkafka::client - librdkafka: Global error: BrokerTransportFailure (Local: Broker transport failure): localhost:9092/bootstrap: Connect to ipv6#[::1]:9092 failed: Connection refused (after 0ms in state CONNECT, 1 identical error(s) suppressed)  (/home/lvpiche/.cargo/registry/src/github.com-1ecc6299db9ec823/rdkafka-0.27.0/src/client.rs:92)
2021-11-07 18:11:10.818940935 UTC    ERROR rdkafka::client - librdkafka: FAIL [thrd:localhost:9092/bootstrap]: localhost:9092/bootstrap: Connect to ipv4#127.0.0.1:9092 failed: Connection refused (after 0ms in state CONNECT)  (/home/lvpiche/.cargo/registry/src/github.com-1ecc6299db9ec823/rdkafka-0.27.0/src/client.rs:63)
2021-11-07 18:11:10.819224351 UTC    ERROR rdkafka::client - librdkafka: Global error: BrokerTransportFailure (Local: Broker transport failure): localhost:9092/bootstrap: Connect to ipv4#127.0.0.1:9092 failed: Connection refused (after 0ms in state CONNECT)  (/home/lvpiche/.cargo/registry/src/github.com-1ecc6299db9ec823/rdkafka-0.27.0/src/client.rs:92)
2021-11-07 18:11:11.818539936 UTC    ERROR rdkafka::client - librdkafka: FAIL [thrd:localhost:9092/bootstrap]: localhost:9092/bootstrap: Connect to ipv6#[::1]:9092 failed: Connection refused (after 0ms in state CONNECT)  (/home/lvpiche/.cargo/registry/src/github.com-1ecc6299db9ec823/rdkafka-0.27.0/src/client.rs:63)
2021-11-07 18:11:11.819069333 UTC    ERROR rdkafka::client - librdkafka: Global error: BrokerTransportFailure (Local: Broker transport failure): localhost:9092/bootstrap: Connect to ipv6#[::1]:9092 failed: Connection refused (after 0ms in state CONNECT)  (/home/lvpiche/.cargo/registry/src/github.com-1ecc6299db9ec823/rdkafka-0.27.0/src/client.rs:92)
2021-11-07 18:11:22.981858316 UTC    INFO red_packet_transport::server - Starting event loop
2021-11-07 18:11:22.982060856 UTC    ERROR rdkafka::client - librdkafka: FAIL [thrd:localhost:9092/bootstrap]: localhost:9092/bootstrap: Connect to ipv4#127.0.0.1:9092 failed: Connection refused (after 0ms in state CONNECT)  (/home/lvpiche/.cargo/registry/src/github.com-1ecc6299db9ec823/rdkafka-0.27.0/src/client.rs:63)
2021-11-07 18:11:22.982244119 UTC    ERROR rdkafka::client - librdkafka: Global error: BrokerTransportFailure (Local: Broker transport failure): localhost:9092/bootstrap: Connect to ipv4#127.0.0.1:9092 failed: Connection refused (after 0ms in state CONNECT)  (/home/lvpiche/.cargo/registry/src/github.com-1ecc6299db9ec823/rdkafka-0.27.0/src/client.rs:92)
2021-11-07 18:11:22.982279389 UTC    ERROR rdkafka::client - librdkafka: Global error: AllBrokersDown (Local: All broker connections are down): 1/1 brokers are down  (/home/lvpiche/.cargo/registry/src/github.com-1ecc6299db9ec823/rdkafka-0.27.0/src/client.rs:92)
2021-11-07 18:11:23.981212943 UTC    ERROR rdkafka::client - librdkafka: FAIL [thrd:localhost:9092/bootstrap]: localhost:9092/bootstrap: Connect to ipv6#[::1]:9092 failed: Connection refused (after 0ms in state CONNECT)  (/home/lvpiche/.cargo/registry/src/github.com-1ecc6299db9ec823/rdkafka-0.27.0/src/client.rs:63)
2021-11-07 18:11:23.981642467 UTC    ERROR rdkafka::client - librdkafka: Global error: BrokerTransportFailure (Local: Broker transport failure): localhost:9092/bootstrap: Connect to ipv6#[::1]:9092 failed: Connection refused (after 0ms in state CONNECT)  (/home/lvpiche/.cargo/registry/src/github.com-1ecc6299db9ec823/rdkafka-0.27.0/src/client.rs:92)
2021-11-07 18:11:24.980960776 UTC    ERROR rdkafka::client - librdkafka: FAIL [thrd:localhost:9092/bootstrap]: localhost:9092/bootstrap: Connect to ipv4#127.0.0.1:9092 failed: Connection refused (after 0ms in state CONNECT)  (/home/lvpiche/.cargo/registry/src/github.com-1ecc6299db9ec823/rdkafka-0.27.0/src/client.rs:63)
2021-11-07 18:11:24.981224706 UTC    ERROR rdkafka::client - librdkafka: Global error: BrokerTransportFailure (Local: Broker transport failure): localhost:9092/bootstrap: Connect to ipv4#127.0.0.1:9092 failed: Connection refused (after 0ms in state CONNECT)  (/home/lvpiche/.cargo/registry/src/github.com-1ecc6299db9ec823/rdkafka-0.27.0/src/client.rs:92)
2021-11-07 18:11:47.161135612 UTC    INFO red_packet_transport::server - Starting event loop
2021-11-07 18:11:47.161375517 UTC    ERROR rdkafka::client - librdkafka: FAIL [thrd:localhost:9092/bootstrap]: localhost:9092/bootstrap: Connect to ipv6#[::1]:9092 failed: Connection refused (after 0ms in state CONNECT)  (/home/lvpiche/.cargo/registry/src/github.com-1ecc6299db9ec823/rdkafka-0.27.0/src/client.rs:63)
2021-11-07 18:11:47.161492780 UTC    ERROR rdkafka::client - librdkafka: Global error: BrokerTransportFailure (Local: Broker transport failure): localhost:9092/bootstrap: Connect to ipv6#[::1]:9092 failed: Connection refused (after 0ms in state CONNECT)  (/home/lvpiche/.cargo/registry/src/github.com-1ecc6299db9ec823/rdkafka-0.27.0/src/client.rs:92)
2021-11-07 18:11:47.161539155 UTC    ERROR rdkafka::client - librdkafka: Global error: AllBrokersDown (Local: All broker connections are down): 1/1 brokers are down  (/home/lvpiche/.cargo/registry/src/github.com-1ecc6299db9ec823/rdkafka-0.27.0/src/client.rs:92)
2021-11-07 18:11:48.160431153 UTC    ERROR rdkafka::client - librdkafka: FAIL [thrd:localhost:9092/bootstrap]: localhost:9092/bootstrap: Connect to ipv4#127.0.0.1:9092 failed: Connection refused (after 0ms in state CONNECT)  (/home/lvpiche/.cargo/registry/src/github.com-1ecc6299db9ec823/rdkafka-0.27.0/src/client.rs:63)
2021-11-07 18:11:48.160654925 UTC    ERROR rdkafka::client - librdkafka: Global error: BrokerTransportFailure (Local: Broker transport failure): localhost:9092/bootstrap: Connect to ipv4#127.0.0.1:9092 failed: Connection refused (after 0ms in state CONNECT)  (/home/lvpiche/.cargo/registry/src/github.com-1ecc6299db9ec823/rdkafka-0.27.0/src/client.rs:92)
2021-11-07 18:11:49.160375729 UTC    ERROR rdkafka::client - librdkafka: FAIL [thrd:localhost:9092/bootstrap]: localhost:9092/bootstrap: Connect to ipv6#[::1]:9092 failed: Connection refused (after 0ms in state CONNECT)  (/home/lvpiche/.cargo/registry/src/github.com-1ecc6299db9ec823/rdkafka-0.27.0/src/client.rs:63)
2021-11-07 18:11:49.160587628 UTC    ERROR rdkafka::client - librdkafka: Global error: BrokerTransportFailure (Local: Broker transport failure): localhost:9092/bootstrap: Connect to ipv6#[::1]:9092 failed: Connection refused (after 0ms in state CONNECT)  (/home/lvpiche/.cargo/registry/src/github.com-1ecc6299db9ec823/rdkafka-0.27.0/src/client.rs:92)
2021-11-07 18:13:00.422992480 UTC    INFO red_packet_transport::server - Starting event loop
2021-11-07 18:16:03.059842428 UTC    INFO red_packet_transport::server - Message received: Message { ptr: 0x7f70fc002e48 }
2021-11-07 18:16:30.854643303 UTC    INFO red_packet_transport::server - Message received: Message { ptr: 0x7f70fc003208 }
2021-11-07 18:18:17.385833698 UTC    INFO red_packet_transport::server - Starting event loop
2021-11-07 18:18:38.375077952 UTC    INFO red_packet_transport::server - Message received partition: 0
2021-11-07 18:20:37.168532610 UTC    INFO red_packet_transport::server - Message received partition: 0
2021-11-07 18:21:12.218374 UTC       INFO red_packet_transport::server - Message received partition: 0
2021-11-07 18:21:22.222975484 UTC    INFO red_packet_transport::server - Message received partition: 0
2021-11-07 18:21:22.223082866 UTC    INFO red_packet_transport::server - Message received partition: 0
2021-11-07 18:21:22.223126154 UTC    INFO red_packet_transport::server - Message received partition: 0
2021-11-07 18:21:22.223166719 UTC    INFO red_packet_transport::server - Message received partition: 0
2021-11-07 18:21:22.223205957 UTC    INFO red_packet_transport::server - Message received partition: 0
2021-11-07 18:21:22.223243869 UTC    INFO red_packet_transport::server - Message received partition: 0
2021-11-07 18:21:22.223285271 UTC    INFO red_packet_transport::server - Message received partition: 0
2021-11-07 18:21:22.223323393 UTC    INFO red_packet_transport::server - Message received partition: 0
2021-11-07 18:21:22.223363539 UTC    INFO red_packet_transport::server - Message received partition: 0
2021-11-07 18:21:22.223401730 UTC    INFO red_packet_transport::server - Message received partition: 0
2021-11-07 18:21:22.223437407 UTC    INFO red_packet_transport::server - Message received partition: 0
2021-11-07 18:21:22.223478251 UTC    INFO red_packet_transport::server - Message received partition: 0
2021-11-07 18:21:22.223515116 UTC    INFO red_packet_transport::server - Message received partition: 0
2021-11-07 18:21:22.223552329 UTC    INFO red_packet_transport::server - Message received partition: 0
2021-11-07 18:21:22.223593941 UTC    INFO red_packet_transport::server - Message received partition: 0
2021-11-07 18:21:22.223631015 UTC    INFO red_packet_transport::server - Message received partition: 0
2021-11-07 18:21:22.223672488 UTC    INFO red_packet_transport::server - Message received partition: 0
2021-11-07 18:21:22.223710679 UTC    INFO red_packet_transport::server - Message received partition: 0
2021-11-07 18:21:22.223748660 UTC    INFO red_packet_transport::server - Message received partition: 0
2021-11-07 18:21:22.223789504 UTC    INFO red_packet_transport::server - Message received partition: 0
2021-11-07 18:21:22.223828533 UTC    INFO red_packet_transport::server - Message received partition: 0
2021-11-07 18:21:22.223867073 UTC    INFO red_packet_transport::server - Message received partition: 0
2021-11-07 18:21:22.223905264 UTC    INFO red_packet_transport::server - Message received partition: 0
2021-11-07 18:21:22.223944922 UTC    INFO red_packet_transport::server - Message received partition: 0
2021-11-07 18:21:22.224135667 UTC    INFO red_packet_transport::server - Message received partition: 0
2021-11-07 18:21:22.224200040 UTC    INFO red_packet_transport::server - Message received partition: 0
2021-11-07 18:21:22.224231529 UTC    INFO red_packet_transport::server - Message received partition: 0
2021-11-07 18:21:22.224271954 UTC    INFO red_packet_transport::server - Message received partition: 0
2021-11-07 18:21:22.224317057 UTC    INFO red_packet_transport::server - Message received partition: 0
2021-11-07 18:21:22.224365302 UTC    INFO red_packet_transport::server - Message received partition: 0
2021-11-07 18:21:22.224406705 UTC    INFO red_packet_transport::server - Message received partition: 0
2021-11-07 18:21:22.224445315 UTC    INFO red_packet_transport::server - Message received partition: 0
2021-11-07 18:21:22.224566590 UTC    INFO red_packet_transport::server - Message received partition: 0
2021-11-07 18:21:22.224676276 UTC    INFO red_packet_transport::server - Message received partition: 0
2021-11-07 18:21:22.224753845 UTC    INFO red_packet_transport::server - Message received partition: 0
2021-11-07 18:21:22.224793851 UTC    INFO red_packet_transport::server - Message received partition: 0
2021-11-07 18:21:22.224872816 UTC    INFO red_packet_transport::server - Message received partition: 0
2021-11-07 18:21:22.224935235 UTC    INFO red_packet_transport::server - Message received partition: 0
2021-11-07 18:21:22.225005682 UTC    INFO red_packet_transport::server - Message received partition: 0
2021-11-07 18:21:22.225069427 UTC    INFO red_packet_transport::server - Message received partition: 0
2021-11-07 18:21:22.225134568 UTC    INFO red_packet_transport::server - Message received partition: 0
2021-11-07 18:21:22.225192797 UTC    INFO red_packet_transport::server - Message received partition: 0
2021-11-07 18:21:22.225254796 UTC    INFO red_packet_transport::server - Message received partition: 0
2021-11-07 18:21:22.225327618 UTC    INFO red_packet_transport::server - Message received partition: 0
2021-11-07 18:21:22.225395691 UTC    INFO red_packet_transport::server - Message received partition: 0
2021-11-07 18:21:22.225437094 UTC    INFO red_packet_transport::server - Message received partition: 0
2021-11-07 18:21:22.225475355 UTC    INFO red_packet_transport::server - Message received partition: 0
2021-11-07 18:21:22.225532467 UTC    INFO red_packet_transport::server - Message received partition: 0
2021-11-07 18:21:22.225587205 UTC    INFO red_packet_transport::server - Message received partition: 0
2021-11-07 18:21:22.225650810 UTC    INFO red_packet_transport::server - Message received partition: 0
2021-11-07 18:21:22.225707084 UTC    INFO red_packet_transport::server - Message received partition: 0
2021-11-07 18:21:22.225792473 UTC    INFO red_packet_transport::server - Message received partition: 0
2021-11-07 18:21:22.225863758 UTC    INFO red_packet_transport::server - Message received partition: 0
2021-11-07 18:21:22.225902298 UTC    INFO red_packet_transport::server - Message received partition: 0
2021-11-07 18:21:22.225998928 UTC    INFO red_packet_transport::server - Message received partition: 0
2021-11-07 18:21:22.226042285 UTC    INFO red_packet_transport::server - Message received partition: 0
2021-11-07 18:21:22.226082012 UTC    INFO red_packet_transport::server - Message received partition: 0
2021-11-07 18:21:22.226128302 UTC    INFO red_packet_transport::server - Message received partition: 0
2021-11-07 18:21:22.226219835 UTC    INFO red_packet_transport::server - Message received partition: 0
2021-11-07 18:21:22.226279460 UTC    INFO red_packet_transport::server - Message received partition: 0
2021-11-07 18:21:22.226322678 UTC    INFO red_packet_transport::server - Message received partition: 0
2021-11-07 18:21:22.226366664 UTC    INFO red_packet_transport::server - Message received partition: 0
2021-11-07 18:21:22.226411837 UTC    INFO red_packet_transport::server - Message received partition: 0
2021-11-07 18:21:22.226450866 UTC    INFO red_packet_transport::server - Message received partition: 0
2021-11-07 18:21:22.226499111 UTC    INFO red_packet_transport::server - Message received partition: 0
2021-11-07 18:21:22.226537651 UTC    INFO red_packet_transport::server - Message received partition: 0
2021-11-07 18:21:22.226578076 UTC    INFO red_packet_transport::server - Message received partition: 0
2021-11-07 18:21:22.226628346 UTC    INFO red_packet_transport::server - Message received partition: 0
2021-11-07 18:21:22.226706055 UTC    INFO red_packet_transport::server - Message received partition: 0
2021-11-07 18:21:22.226793817 UTC    INFO red_packet_transport::server - Message received partition: 0
2021-11-07 18:21:22.226867546 UTC    INFO red_packet_transport::server - Message received partition: 0
2021-11-07 18:21:22.226924169 UTC    INFO red_packet_transport::server - Message received partition: 0
2021-11-07 18:21:22.226998806 UTC    INFO red_packet_transport::server - Message received partition: 0
2021-11-07 18:21:22.227055080 UTC    INFO red_packet_transport::server - Message received partition: 0
2021-11-07 18:21:22.227111424 UTC    INFO red_packet_transport::server - Message received partition: 0
2021-11-07 18:21:22.227170840 UTC    INFO red_packet_transport::server - Message received partition: 0
2021-11-07 18:21:22.227219643 UTC    INFO red_packet_transport::server - Message received partition: 0
2021-11-07 18:21:22.227273544 UTC    INFO red_packet_transport::server - Message received partition: 0
2021-11-07 18:21:22.227327444 UTC    INFO red_packet_transport::server - Message received partition: 0
2021-11-07 18:21:22.227386511 UTC    INFO red_packet_transport::server - Message received partition: 0
2021-11-07 18:21:22.227436571 UTC    INFO red_packet_transport::server - Message received partition: 0
2021-11-07 18:21:22.227496615 UTC    INFO red_packet_transport::server - Message received partition: 0
2021-11-07 18:21:22.227545559 UTC    INFO red_packet_transport::server - Message received partition: 0
2021-11-07 18:21:22.227599948 UTC    INFO red_packet_transport::server - Message received partition: 0
2021-11-07 18:21:22.227650566 UTC    INFO red_packet_transport::server - Message received partition: 0
2021-11-07 18:21:22.227726948 UTC    INFO red_packet_transport::server - Message received partition: 0
2021-11-07 18:21:22.227795999 UTC    INFO red_packet_transport::server - Message received partition: 0
2021-11-07 18:21:22.227861769 UTC    INFO red_packet_transport::server - Message received partition: 0
2021-11-07 18:21:22.227913365 UTC    INFO red_packet_transport::server - Message received partition: 0
2021-11-07 18:21:22.227963635 UTC    INFO red_packet_transport::server - Message received partition: 0
2021-11-07 18:21:22.228014533 UTC    INFO red_packet_transport::server - Message received partition: 0
2021-11-07 18:21:22.228061102 UTC    INFO red_packet_transport::server - Message received partition: 0
2021-11-07 18:21:22.228114584 UTC    INFO red_packet_transport::server - Message received partition: 0
2021-11-07 18:21:22.228189430 UTC    INFO red_packet_transport::server - Message received partition: 0
2021-11-07 18:21:22.228258201 UTC    INFO red_packet_transport::server - Message received partition: 0
2021-11-07 18:21:22.228300163 UTC    INFO red_packet_transport::server - Message received partition: 0
2021-11-07 18:21:22.228341565 UTC    INFO red_packet_transport::server - Message received partition: 0
2021-11-07 18:21:22.228392184 UTC    INFO red_packet_transport::server - Message received partition: 0
2021-11-07 18:21:22.228441686 UTC    INFO red_packet_transport::server - Message received partition: 0
2021-11-07 18:24:38.378792118 UTC    INFO red_packet_transport::server - Starting event loop
2021-11-07 18:24:38.379255052 UTC    INFO red_packet_transport::server - Starting event loop
2021-11-07 18:24:38.380417870 UTC    INFO red_packet_transport::server - Starting event loop
2021-11-07 18:24:53.056988518 UTC    INFO red_packet_transport::server - Message received partition: 0
2021-11-07 18:25:04.056741350 UTC    INFO red_packet_transport::server - Message received partition: 0
2021-11-07 18:25:04.056805040 UTC    INFO red_packet_transport::server - Message received partition: 0
2021-11-07 18:25:04.056825152 UTC    INFO red_packet_transport::server - Message received partition: 0
2021-11-07 18:25:04.056841354 UTC    INFO red_packet_transport::server - Message received partition: 0
2021-11-07 18:25:04.056858045 UTC    INFO red_packet_transport::server - Message received partition: 0
2021-11-07 18:25:04.056878157 UTC    INFO red_packet_transport::server - Message received partition: 0
2021-11-07 18:25:04.056895197 UTC    INFO red_packet_transport::server - Message received partition: 0
2021-11-07 18:25:04.056914821 UTC    INFO red_packet_transport::server - Message received partition: 0
2021-11-07 18:25:04.056933327 UTC    INFO red_packet_transport::server - Message received partition: 0
2021-11-07 18:25:04.056950996 UTC    INFO red_packet_transport::server - Message received partition: 0
2021-11-07 18:25:04.056968245 UTC    INFO red_packet_transport::server - Message received partition: 0
2021-11-07 18:25:04.056991012 UTC    INFO red_packet_transport::server - Message received partition: 0
2021-11-07 18:25:04.057010635 UTC    INFO red_packet_transport::server - Message received partition: 0
2021-11-07 18:25:04.057026348 UTC    INFO red_packet_transport::server - Message received partition: 0
2021-11-07 18:25:04.057046810 UTC    INFO red_packet_transport::server - Message received partition: 0
2021-11-07 18:25:04.057071043 UTC    INFO red_packet_transport::server - Message received partition: 0
2021-11-07 18:25:04.057091714 UTC    INFO red_packet_transport::server - Message received partition: 0
2021-11-07 18:25:04.057109941 UTC    INFO red_packet_transport::server - Message received partition: 0
2021-11-07 18:25:04.057129495 UTC    INFO red_packet_transport::server - Message received partition: 0
2021-11-07 18:25:04.057148491 UTC    INFO red_packet_transport::server - Message received partition: 0
2021-11-07 18:25:04.057166229 UTC    INFO red_packet_transport::server - Message received partition: 0
2021-11-07 18:25:04.057184246 UTC    INFO red_packet_transport::server - Message received partition: 0
2021-11-07 18:25:04.057204289 UTC    INFO red_packet_transport::server - Message received partition: 0
2021-11-07 18:25:04.057220980 UTC    INFO red_packet_transport::server - Message received partition: 0
2021-11-07 18:25:04.057238159 UTC    INFO red_packet_transport::server - Message received partition: 0
2021-11-07 18:25:04.057255898 UTC    INFO red_packet_transport::server - Message received partition: 0
2021-11-07 18:25:04.057270563 UTC    INFO red_packet_transport::server - Message received partition: 0
2021-11-07 18:25:04.057309112 UTC    INFO red_packet_transport::server - Message received partition: 0
2021-11-07 18:25:04.057337954 UTC    INFO red_packet_transport::server - Message received partition: 0
2021-11-07 18:25:04.059774585 UTC    INFO red_packet_transport::server - Message received partition: 0
2021-11-07 18:25:04.059850985 UTC    INFO red_packet_transport::server - Message received partition: 0
2021-11-07 18:25:04.059902384 UTC    INFO red_packet_transport::server - Message received partition: 0
2021-11-07 18:25:04.059946381 UTC    INFO red_packet_transport::server - Message received partition: 0
2021-11-07 18:25:04.059988701 UTC    INFO red_packet_transport::server - Message received partition: 0
2021-11-07 18:25:04.060041078 UTC    INFO red_packet_transport::server - Message received partition: 0
2021-11-07 18:25:04.060084445 UTC    INFO red_packet_transport::server - Message received partition: 0
2021-11-07 18:25:04.060130188 UTC    INFO red_packet_transport::server - Message received partition: 0
2021-11-07 18:25:04.060183542 UTC    INFO red_packet_transport::server - Message received partition: 0
2021-11-07 18:25:04.060231589 UTC    INFO red_packet_transport::server - Message received partition: 0
2021-11-07 18:25:04.060273909 UTC    INFO red_packet_transport::server - Message received partition: 0
2021-11-07 18:25:04.060324330 UTC    INFO red_packet_transport::server - Message received partition: 0
2021-11-07 18:25:04.060370143 UTC    INFO red_packet_transport::server - Message received partition: 0
2021-11-07 18:25:04.060416863 UTC    INFO red_packet_transport::server - Message received partition: 0
2021-11-07 18:25:04.060454644 UTC    INFO red_packet_transport::server - Message received partition: 0
2021-11-07 18:25:04.060495916 UTC    INFO red_packet_transport::server - Message received partition: 0
2021-11-07 18:25:04.060533907 UTC    INFO red_packet_transport::server - Message received partition: 0
2021-11-07 18:25:04.060575738 UTC    INFO red_packet_transport::server - Message received partition: 0
2021-11-07 18:25:04.060613449 UTC    INFO red_packet_transport::server - Message received partition: 0
2021-11-07 18:25:04.060653605 UTC    INFO red_packet_transport::server - Message received partition: 0
2021-11-07 18:25:04.060695855 UTC    INFO red_packet_transport::server - Message received partition: 0
2021-11-07 18:25:04.060738176 UTC    INFO red_packet_transport::server - Message received partition: 0
2021-11-07 18:25:04.060781893 UTC    INFO red_packet_transport::server - Message received partition: 0
2021-11-07 18:25:04.060825749 UTC    INFO red_packet_transport::server - Message received partition: 0
2021-11-07 18:25:04.060872050 UTC    INFO red_packet_transport::server - Message received partition: 0
2021-11-07 18:25:04.060921634 UTC    INFO red_packet_transport::server - Message received partition: 0
2021-11-07 18:25:04.060965979 UTC    INFO red_packet_transport::server - Message received partition: 0
2021-11-07 18:25:04.061013607 UTC    INFO red_packet_transport::server - Message received partition: 0
2021-11-07 18:25:04.061055857 UTC    INFO red_packet_transport::server - Message received partition: 0
2021-11-07 18:25:04.061100343 UTC    INFO red_packet_transport::server - Message received partition: 0
2021-11-07 18:25:04.061145596 UTC    INFO red_packet_transport::server - Message received partition: 0
2021-11-07 18:25:04.061199509 UTC    INFO red_packet_transport::server - Message received partition: 0
2021-11-07 18:25:04.061247137 UTC    INFO red_packet_transport::server - Message received partition: 0
2021-11-07 18:25:04.061282753 UTC    INFO red_packet_transport::server - Message received partition: 0
2021-11-07 18:25:04.061327448 UTC    INFO red_packet_transport::server - Message received partition: 0
2021-11-07 18:25:04.061383177 UTC    INFO red_packet_transport::server - Message received partition: 0
2021-11-07 18:25:04.061427941 UTC    INFO red_packet_transport::server - Message received partition: 0
2021-11-07 18:25:04.061458948 UTC    INFO red_packet_transport::server - Message received partition: 0
2021-11-07 18:25:04.061524314 UTC    INFO red_packet_transport::server - Message received partition: 0
2021-11-07 18:25:04.061571104 UTC    INFO red_packet_transport::server - Message received partition: 0
2021-11-07 18:25:04.061608815 UTC    INFO red_packet_transport::server - Message received partition: 0
2021-11-07 18:25:04.061644152 UTC    INFO red_packet_transport::server - Message received partition: 0
2021-11-07 18:25:04.061685564 UTC    INFO red_packet_transport::server - Message received partition: 0
2021-11-07 18:25:04.061721809 UTC    INFO red_packet_transport::server - Message received partition: 0
2021-11-07 18:25:04.061759939 UTC    INFO red_packet_transport::server - Message received partition: 0
2021-11-07 18:25:04.061807986 UTC    INFO red_packet_transport::server - Message received partition: 0
2021-11-07 18:25:04.061856312 UTC    INFO red_packet_transport::server - Message received partition: 0
2021-11-07 18:25:04.061897445 UTC    INFO red_packet_transport::server - Message received partition: 0
2021-11-07 18:25:04.061943188 UTC    INFO red_packet_transport::server - Message received partition: 0
2021-11-07 18:25:04.061977547 UTC    INFO red_packet_transport::server - Message received partition: 0
2021-11-07 18:25:04.062027200 UTC    INFO red_packet_transport::server - Message received partition: 0
2021-11-07 18:25:04.062063933 UTC    INFO red_packet_transport::server - Message received partition: 0
2021-11-07 18:25:04.062115123 UTC    INFO red_packet_transport::server - Message received partition: 0
2021-11-07 18:25:04.062162890 UTC    INFO red_packet_transport::server - Message received partition: 0
2021-11-07 18:25:04.062207166 UTC    INFO red_packet_transport::server - Message received partition: 0
2021-11-07 18:25:04.062255422 UTC    INFO red_packet_transport::server - Message received partition: 0
2021-11-07 18:25:04.062304935 UTC    INFO red_packet_transport::server - Message received partition: 0
2021-11-07 18:25:04.062364226 UTC    INFO red_packet_transport::server - Message received partition: 0
2021-11-07 18:25:04.062417650 UTC    INFO red_packet_transport::server - Message received partition: 0
2021-11-07 18:25:04.062458155 UTC    INFO red_packet_transport::server - Message received partition: 0
2021-11-07 18:25:04.062489162 UTC    INFO red_packet_transport::server - Message received partition: 0
2021-11-07 18:25:04.062526733 UTC    INFO red_packet_transport::server - Message received partition: 0
2021-11-07 18:25:04.062560603 UTC    INFO red_packet_transport::server - Message received partition: 0
2021-11-07 18:25:04.062596219 UTC    INFO red_packet_transport::server - Message received partition: 0
2021-11-07 18:25:04.062639029 UTC    INFO red_packet_transport::server - Message received partition: 0
2021-11-07 18:25:04.062693291 UTC    INFO red_packet_transport::server - Message received partition: 0
2021-11-07 18:25:04.062732468 UTC    INFO red_packet_transport::server - Message received partition: 0
2021-11-07 18:25:04.062781004 UTC    INFO red_packet_transport::server - Message received partition: 0
2021-11-07 18:25:04.062843856 UTC    INFO red_packet_transport::server - Message received partition: 0
2021-11-07 18:25:04.062923329 UTC    INFO red_packet_transport::server - Message received partition: 0
2021-11-07 18:28:06.689605042 UTC    INFO red_packet_transport::server - Starting event loop
2021-11-07 18:28:06.692824512 UTC    INFO red_packet_transport::server - Starting event loop
2021-11-07 18:28:06.696063188 UTC    INFO red_packet_transport::server - Starting event loop
2021-11-07 18:28:12.736775949 UTC    INFO red_packet_transport::server - Message received partition: 2
2021-11-07 18:28:22.739963429 UTC    INFO red_packet_transport::server - Message received partition: 2
2021-11-07 18:28:22.740075869 UTC    INFO red_packet_transport::server - Message received partition: 2
2021-11-07 18:28:22.740115048 UTC    INFO red_packet_transport::server - Message received partition: 2
2021-11-07 18:28:22.740186912 UTC    INFO red_packet_transport::server - Message received partition: 2
2021-11-07 18:28:22.740215964 UTC    INFO red_packet_transport::server - Message received partition: 2
2021-11-07 18:28:22.740237335 UTC    INFO red_packet_transport::server - Message received partition: 2
2021-11-07 18:28:22.740345305 UTC    INFO red_packet_transport::server - Message received partition: 1
2021-11-07 18:28:22.740381970 UTC    INFO red_packet_transport::server - Message received partition: 1
2021-11-07 18:28:22.740400547 UTC    INFO red_packet_transport::server - Message received partition: 1
2021-11-07 18:28:22.740425200 UTC    INFO red_packet_transport::server - Message received partition: 1
2021-11-07 18:28:22.740439517 UTC    INFO red_packet_transport::server - Message received partition: 1
2021-11-07 18:28:22.740461097 UTC    INFO red_packet_transport::server - Message received partition: 1
2021-11-07 18:28:22.740461097 UTC    INFO red_packet_transport::server - Message received partition: 0
2021-11-07 18:28:22.740491197 UTC    INFO red_packet_transport::server - Message received partition: 1
2021-11-07 18:28:22.740512218 UTC    INFO red_packet_transport::server - Message received partition: 1
2021-11-07 18:28:22.740525488 UTC    INFO red_packet_transport::server - Message received partition: 0
2021-11-07 18:28:22.740530795 UTC    INFO red_packet_transport::server - Message received partition: 1
2021-11-07 18:28:22.740576051 UTC    INFO red_packet_transport::server - Message received partition: 0
2021-11-07 18:28:22.740591834 UTC    INFO red_packet_transport::server - Message received partition: 1
2021-11-07 18:28:22.740600494 UTC    INFO red_packet_transport::server - Message received partition: 2
2021-11-07 18:28:22.740609922 UTC    INFO red_packet_transport::server - Message received partition: 2
2021-11-07 18:28:22.740609922 UTC    INFO red_packet_transport::server - Message received partition: 1
2021-11-07 18:28:22.740675221 UTC    INFO red_packet_transport::server - Message received partition: 2
2021-11-07 18:28:22.740732209 UTC    INFO red_packet_transport::server - Message received partition: 2
2021-11-07 18:28:22.740785495 UTC    INFO red_packet_transport::server - Message received partition: 2
2021-11-07 18:28:22.740835570 UTC    INFO red_packet_transport::server - Message received partition: 2
2021-11-07 18:28:22.740838992 UTC    INFO red_packet_transport::server - Message received partition: 1
2021-11-07 18:28:22.740869022 UTC    INFO red_packet_transport::server - Message received partition: 1
2021-11-07 18:28:22.740880895 UTC    INFO red_packet_transport::server - Message received partition: 0
2021-11-07 18:28:22.740918188 UTC    INFO red_packet_transport::server - Message received partition: 2
2021-11-07 18:28:22.740923915 UTC    INFO red_packet_transport::server - Message received partition: 0
2021-11-07 18:28:22.740938022 UTC    INFO red_packet_transport::server - Message received partition: 1
2021-11-07 18:28:22.740957507 UTC    INFO red_packet_transport::server - Message received partition: 1
2021-11-07 18:28:22.740957507 UTC    INFO red_packet_transport::server - Message received partition: 2
2021-11-07 18:28:22.740980205 UTC    INFO red_packet_transport::server - Message received partition: 1
2021-11-07 18:28:22.740997874 UTC    INFO red_packet_transport::server - Message received partition: 1
2021-11-07 18:28:22.740997874 UTC    INFO red_packet_transport::server - Message received partition: 2
2021-11-07 18:28:22.741021758 UTC    INFO red_packet_transport::server - Message received partition: 1
2021-11-07 18:28:22.741035936 UTC    INFO red_packet_transport::server - Message received partition: 1
2021-11-07 18:28:22.741035936 UTC    INFO red_packet_transport::server - Message received partition: 2
2021-11-07 18:28:22.741055071 UTC    INFO red_packet_transport::server - Message received partition: 1
2021-11-07 18:28:22.741078048 UTC    INFO red_packet_transport::server - Message received partition: 2
2021-11-07 18:28:22.741095089 UTC    INFO red_packet_transport::server - Message received partition: 1
2021-11-07 18:28:22.741109545 UTC    INFO red_packet_transport::server - Message received partition: 1
2021-11-07 18:28:22.741116669 UTC    INFO red_packet_transport::server - Message received partition: 2
2021-11-07 18:28:22.741128960 UTC    INFO red_packet_transport::server - Message received partition: 1
2021-11-07 18:28:22.741139995 UTC    INFO red_packet_transport::server - Message received partition: 2
2021-11-07 18:28:22.741143417 UTC    INFO red_packet_transport::server - Message received partition: 1
2021-11-07 18:28:22.741172958 UTC    INFO red_packet_transport::server - Message received partition: 2
2021-11-07 18:28:22.741212976 UTC    INFO red_packet_transport::server - Message received partition: 2
2021-11-07 18:28:22.741221845 UTC    INFO red_packet_transport::server - Message received partition: 1
2021-11-07 18:28:22.741253831 UTC    INFO red_packet_transport::server - Message received partition: 2
2021-11-07 18:28:22.741286725 UTC    INFO red_packet_transport::server - Message received partition: 2
2021-11-07 18:28:22.741314381 UTC    INFO red_packet_transport::server - Message received partition: 2
2021-11-07 18:28:22.741359636 UTC    INFO red_packet_transport::server - Message received partition: 2
2021-11-07 18:28:22.741386314 UTC    INFO red_packet_transport::server - Message received partition: 0
2021-11-07 18:28:22.741390644 UTC    INFO red_packet_transport::server - Message received partition: 2
2021-11-07 18:28:22.741420186 UTC    INFO red_packet_transport::server - Message received partition: 2
2021-11-07 18:28:22.741444909 UTC    INFO red_packet_transport::server - Message received partition: 2
2021-11-07 18:28:22.741475428 UTC    INFO red_packet_transport::server - Message received partition: 0
2021-11-07 18:28:22.741497846 UTC    INFO red_packet_transport::server - Message received partition: 2
2021-11-07 18:28:22.741518518 UTC    INFO red_packet_transport::server - Message received partition: 0
2021-11-07 18:28:22.741527667 UTC    INFO red_packet_transport::server - Message received partition: 1
2021-11-07 18:28:22.741534371 UTC    INFO red_packet_transport::server - Message received partition: 2
2021-11-07 18:28:22.741554275 UTC    INFO red_packet_transport::server - Message received partition: 0
2021-11-07 18:28:22.741556231 UTC    INFO red_packet_transport::server - Message received partition: 2
2021-11-07 18:28:22.741600578 UTC    INFO red_packet_transport::server - Message received partition: 2
2021-11-07 18:28:22.741600578 UTC    INFO red_packet_transport::server - Message received partition: 0
2021-11-07 18:28:22.741672581 UTC    INFO red_packet_transport::server - Message received partition: 0
2021-11-07 18:28:22.741733550 UTC    INFO red_packet_transport::server - Message received partition: 0
2021-11-07 18:28:22.741785230 UTC    INFO red_packet_transport::server - Message received partition: 0
2021-11-07 18:28:22.741837609 UTC    INFO red_packet_transport::server - Message received partition: 0
2021-11-07 18:28:22.741899626 UTC    INFO red_packet_transport::server - Message received partition: 0
2021-11-07 18:28:22.741946487 UTC    INFO red_packet_transport::server - Message received partition: 0
2021-11-07 18:28:22.742001031 UTC    INFO red_packet_transport::server - Message received partition: 0
2021-11-07 18:28:22.742049149 UTC    INFO red_packet_transport::server - Message received partition: 0
2021-11-07 18:28:22.742105858 UTC    INFO red_packet_transport::server - Message received partition: 0
2021-11-07 18:28:22.742148250 UTC    INFO red_packet_transport::server - Message received partition: 0
2021-11-07 18:28:22.742206914 UTC    INFO red_packet_transport::server - Message received partition: 0
2021-11-07 18:28:22.742259921 UTC    INFO red_packet_transport::server - Message received partition: 0
2021-11-07 18:28:22.742306014 UTC    INFO red_packet_transport::server - Message received partition: 0
2021-11-07 18:28:22.742359930 UTC    INFO red_packet_transport::server - Message received partition: 0
2021-11-07 18:28:22.742398480 UTC    INFO red_packet_transport::server - Message received partition: 0
2021-11-07 18:28:22.742459589 UTC    INFO red_packet_transport::server - Message received partition: 0
2021-11-07 18:28:22.742519231 UTC    INFO red_packet_transport::server - Message received partition: 0
2021-11-07 18:28:22.742566860 UTC    INFO red_packet_transport::server - Message received partition: 0
2021-11-07 18:28:22.742616096 UTC    INFO red_packet_transport::server - Message received partition: 0
2021-11-07 18:28:22.742668405 UTC    INFO red_packet_transport::server - Message received partition: 0
2021-11-07 18:28:22.742706607 UTC    INFO red_packet_transport::server - Message received partition: 0
2021-11-07 18:28:22.742755144 UTC    INFO red_packet_transport::server - Message received partition: 0
2021-11-07 18:28:22.742811853 UTC    INFO red_packet_transport::server - Message received partition: 0
2021-11-07 18:28:22.742848937 UTC    INFO red_packet_transport::server - Message received partition: 0
2021-11-07 18:28:22.742916122 UTC    INFO red_packet_transport::server - Message received partition: 0
2021-11-07 18:28:22.742977090 UTC    INFO red_packet_transport::server - Message received partition: 0
2021-11-07 18:28:22.743015711 UTC    INFO red_packet_transport::server - Message received partition: 0
2021-11-07 18:28:22.743055589 UTC    INFO red_packet_transport::server - Message received partition: 0
2021-11-07 18:28:22.743100285 UTC    INFO red_packet_transport::server - Message received partition: 0
2021-11-07 18:28:22.743156994 UTC    INFO red_packet_transport::server - Message received partition: 0
2021-11-07 18:28:22.743238076 UTC    INFO red_packet_transport::server - Message received partition: 0
2021-11-07 18:29:10.373173507 UTC    INFO red_packet_transport::server - Starting event loop
2021-11-07 18:29:47.304106517 UTC    INFO red_packet_transport::server - Message received partition: 1
2021-11-07 18:29:52.308762136 UTC    INFO red_packet_transport::server - Message received partition: 1
2021-11-07 18:29:52.308856778 UTC    INFO red_packet_transport::server - Message received partition: 1
2021-11-07 18:29:52.308910210 UTC    INFO red_packet_transport::server - Message received partition: 1
2021-11-07 18:29:52.308967833 UTC    INFO red_packet_transport::server - Message received partition: 1
2021-11-07 18:29:52.309015538 UTC    INFO red_packet_transport::server - Message received partition: 1
2021-11-07 18:29:52.309080425 UTC    INFO red_packet_transport::server - Message received partition: 1
2021-11-07 18:29:52.309135674 UTC    INFO red_packet_transport::server - Message received partition: 1
2021-11-07 18:29:52.309178070 UTC    INFO red_packet_transport::server - Message received partition: 1
2021-11-07 18:29:52.309220467 UTC    INFO red_packet_transport::server - Message received partition: 1
2021-11-07 18:29:52.309290662 UTC    INFO red_packet_transport::server - Message received partition: 1
2021-11-07 18:29:52.309360858 UTC    INFO red_packet_transport::server - Message received partition: 1
2021-11-07 18:29:52.309417573 UTC    INFO red_packet_transport::server - Message received partition: 1
2021-11-07 18:29:52.309458154 UTC    INFO red_packet_transport::server - Message received partition: 1
2021-11-07 18:29:52.309498106 UTC    INFO red_packet_transport::server - Message received partition: 1
2021-11-07 18:29:52.309534356 UTC    INFO red_packet_transport::server - Message received partition: 1
2021-11-07 18:29:52.309572841 UTC    INFO red_packet_transport::server - Message received partition: 1
2021-11-07 18:29:52.309613212 UTC    INFO red_packet_transport::server - Message received partition: 1
2021-11-07 18:29:52.309650510 UTC    INFO red_packet_transport::server - Message received partition: 1
2021-11-07 18:29:52.309684804 UTC    INFO red_packet_transport::server - Message received partition: 1
2021-11-07 18:29:52.309722382 UTC    INFO red_packet_transport::server - Message received partition: 1
2021-11-07 18:29:52.309765337 UTC    INFO red_packet_transport::server - Message received partition: 1
2021-11-07 18:29:52.309821563 UTC    INFO red_packet_transport::server - Message received partition: 1
2021-11-07 18:29:52.309906217 UTC    INFO red_packet_transport::server - Message received partition: 1
2021-11-07 18:29:52.309953782 UTC    INFO red_packet_transport::server - Message received partition: 1
2021-11-07 18:29:52.310009100 UTC    INFO red_packet_transport::server - Message received partition: 1
2021-11-07 18:29:52.310071612 UTC    INFO red_packet_transport::server - Message received partition: 1
2021-11-07 18:29:52.310144462 UTC    INFO red_packet_transport::server - Message received partition: 1
2021-11-07 18:29:52.310189373 UTC    INFO red_packet_transport::server - Message received partition: 1
2021-11-07 18:29:52.310236030 UTC    INFO red_packet_transport::server - Message received partition: 1
2021-11-07 18:29:52.310277519 UTC    INFO red_packet_transport::server - Message received partition: 1
2021-11-07 18:29:52.310333256 UTC    INFO red_packet_transport::server - Message received partition: 0
2021-11-07 18:29:52.310383266 UTC    INFO red_packet_transport::server - Message received partition: 0
2021-11-07 18:29:52.310430692 UTC    INFO red_packet_transport::server - Message received partition: 0
2021-11-07 18:29:52.310485102 UTC    INFO red_packet_transport::server - Message received partition: 0
2021-11-07 18:29:52.310557532 UTC    INFO red_packet_transport::server - Message received partition: 0
2021-11-07 18:29:52.310618089 UTC    INFO red_packet_transport::server - Message received partition: 0
2021-11-07 18:29:52.310661603 UTC    INFO red_packet_transport::server - Message received partition: 0
2021-11-07 18:29:52.310707492 UTC    INFO red_packet_transport::server - Message received partition: 0
2021-11-07 18:29:52.310794241 UTC    INFO red_packet_transport::server - Message received partition: 0
2021-11-07 18:29:52.310857731 UTC    INFO red_packet_transport::server - Message received partition: 0
2021-11-07 18:29:52.310900407 UTC    INFO red_packet_transport::server - Message received partition: 0
2021-11-07 18:29:52.310937914 UTC    INFO red_packet_transport::server - Message received partition: 0
2021-11-07 18:29:52.310996585 UTC    INFO red_packet_transport::server - Message received partition: 0
2021-11-07 18:29:52.311036188 UTC    INFO red_packet_transport::server - Message received partition: 0
2021-11-07 18:29:52.311112460 UTC    INFO red_packet_transport::server - Message received partition: 0
2021-11-07 18:29:52.311154507 UTC    INFO red_packet_transport::server - Message received partition: 0
2021-11-07 18:29:52.311213458 UTC    INFO red_packet_transport::server - Message received partition: 0
2021-11-07 18:29:52.311254457 UTC    INFO red_packet_transport::server - Message received partition: 0
2021-11-07 18:29:52.311305934 UTC    INFO red_packet_transport::server - Message received partition: 0
2021-11-07 18:29:52.311343232 UTC    INFO red_packet_transport::server - Message received partition: 0
2021-11-07 18:29:52.311389819 UTC    INFO red_packet_transport::server - Message received partition: 0
2021-11-07 18:29:52.311470142 UTC    INFO red_packet_transport::server - Message received partition: 0
2021-11-07 18:29:52.311552561 UTC    INFO red_packet_transport::server - Message received partition: 0
2021-11-07 18:29:52.311610743 UTC    INFO red_packet_transport::server - Message received partition: 0
2021-11-07 18:29:52.311665712 UTC    INFO red_packet_transport::server - Message received partition: 0
2021-11-07 18:29:52.311717677 UTC    INFO red_packet_transport::server - Message received partition: 0
2021-11-07 18:29:52.311763077 UTC    INFO red_packet_transport::server - Message received partition: 0
2021-11-07 18:29:52.311838371 UTC    INFO red_packet_transport::server - Message received partition: 0
2021-11-07 18:29:52.311903747 UTC    INFO red_packet_transport::server - Message received partition: 0
2021-11-07 18:29:52.311950335 UTC    INFO red_packet_transport::server - Message received partition: 0
2021-11-07 18:29:52.311994966 UTC    INFO red_packet_transport::server - Message received partition: 0
2021-11-07 18:29:52.312040227 UTC    INFO red_packet_transport::server - Message received partition: 0
2021-11-07 18:29:52.312086046 UTC    INFO red_packet_transport::server - Message received partition: 2
2021-11-07 18:29:52.312131306 UTC    INFO red_packet_transport::server - Message received partition: 2
2021-11-07 18:29:52.312165601 UTC    INFO red_packet_transport::server - Message received partition: 2
2021-11-07 18:29:52.312201013 UTC    INFO red_packet_transport::server - Message received partition: 2
2021-11-07 18:29:52.312267576 UTC    INFO red_packet_transport::server - Message received partition: 2
2021-11-07 18:29:52.312348178 UTC    INFO red_packet_transport::server - Message received partition: 2
2021-11-07 18:29:52.312393020 UTC    INFO red_packet_transport::server - Message received partition: 2
2021-11-07 18:29:52.312441563 UTC    INFO red_packet_transport::server - Message received partition: 2
2021-11-07 18:29:52.312498278 UTC    INFO red_packet_transport::server - Message received partition: 2
2021-11-07 18:29:52.312551431 UTC    INFO red_packet_transport::server - Message received partition: 2
2021-11-07 18:29:52.312585795 UTC    INFO red_packet_transport::server - Message received partition: 2
2021-11-07 18:29:52.312644396 UTC    INFO red_packet_transport::server - Message received partition: 2
2021-11-07 18:29:52.312687980 UTC    INFO red_packet_transport::server - Message received partition: 2
2021-11-07 18:29:52.312745394 UTC    INFO red_packet_transport::server - Message received partition: 2
2021-11-07 18:29:52.312780456 UTC    INFO red_packet_transport::server - Message received partition: 2
2021-11-07 18:29:52.312833819 UTC    INFO red_packet_transport::server - Message received partition: 2
2021-11-07 18:29:52.312869650 UTC    INFO red_packet_transport::server - Message received partition: 2
2021-11-07 18:29:52.312905900 UTC    INFO red_packet_transport::server - Message received partition: 2
2021-11-07 18:29:52.312941801 UTC    INFO red_packet_transport::server - Message received partition: 2
2021-11-07 18:29:52.312976584 UTC    INFO red_packet_transport::server - Message received partition: 2
2021-11-07 18:29:52.313015349 UTC    INFO red_packet_transport::server - Message received partition: 2
2021-11-07 18:29:52.313052926 UTC    INFO red_packet_transport::server - Message received partition: 2
2021-11-07 18:29:52.313088618 UTC    INFO red_packet_transport::server - Message received partition: 2
2021-11-07 18:29:52.313121515 UTC    INFO red_packet_transport::server - Message received partition: 2
2021-11-07 18:29:52.313211617 UTC    INFO red_packet_transport::server - Message received partition: 2
2021-11-07 18:29:52.313259950 UTC    INFO red_packet_transport::server - Message received partition: 2
2021-11-07 18:29:52.313290264 UTC    INFO red_packet_transport::server - Message received partition: 2
2021-11-07 18:29:52.313338457 UTC    INFO red_packet_transport::server - Message received partition: 2
2021-11-07 18:29:52.313397617 UTC    INFO red_packet_transport::server - Message received partition: 2
2021-11-07 18:29:52.313439036 UTC    INFO red_packet_transport::server - Message received partition: 2
2021-11-07 18:29:52.313476264 UTC    INFO red_packet_transport::server - Message received partition: 2
2021-11-07 18:29:52.313537659 UTC    INFO red_packet_transport::server - Message received partition: 2
2021-11-07 18:29:52.313588507 UTC    INFO red_packet_transport::server - Message received partition: 2
2021-11-07 18:29:52.313621404 UTC    INFO red_packet_transport::server - Message received partition: 2
2021-11-07 18:29:52.313654302 UTC    INFO red_packet_transport::server - Message received partition: 2
2021-11-07 18:29:52.313696698 UTC    INFO red_packet_transport::server - Message received partition: 2
2021-11-07 18:29:52.313739235 UTC    INFO red_packet_transport::server - Message received partition: 2
2021-11-07 19:50:48.447783258 UTC    INFO red_packet_transport::server - Starting event loop
2021-11-07 19:50:48.448045560 UTC    ERROR rdkafka::client - librdkafka: FAIL [thrd:localhost:9092/bootstrap]: localhost:9092/bootstrap: Connect to ipv4#127.0.0.1:9092 failed: Connection refused (after 0ms in state CONNECT)  (/home/lvpiche/.cargo/registry/src/github.com-1ecc6299db9ec823/rdkafka-0.27.0/src/client.rs:63)
2021-11-07 19:50:48.448143631 UTC    ERROR rdkafka::client - librdkafka: Global error: BrokerTransportFailure (Local: Broker transport failure): localhost:9092/bootstrap: Connect to ipv4#127.0.0.1:9092 failed: Connection refused (after 0ms in state CONNECT)  (/home/lvpiche/.cargo/registry/src/github.com-1ecc6299db9ec823/rdkafka-0.27.0/src/client.rs:92)
2021-11-07 19:50:48.448173922 UTC    ERROR rdkafka::client - librdkafka: Global error: AllBrokersDown (Local: All broker connections are down): 1/1 brokers are down  (/home/lvpiche/.cargo/registry/src/github.com-1ecc6299db9ec823/rdkafka-0.27.0/src/client.rs:92)
2021-11-07 19:50:49.447273452 UTC    ERROR rdkafka::client - librdkafka: FAIL [thrd:localhost:9092/bootstrap]: localhost:9092/bootstrap: Connect to ipv6#[::1]:9092 failed: Connection refused (after 0ms in state CONNECT)  (/home/lvpiche/.cargo/registry/src/github.com-1ecc6299db9ec823/rdkafka-0.27.0/src/client.rs:63)
2021-11-07 19:50:49.447454392 UTC    ERROR rdkafka::client - librdkafka: Global error: BrokerTransportFailure (Local: Broker transport failure): localhost:9092/bootstrap: Connect to ipv6#[::1]:9092 failed: Connection refused (after 0ms in state CONNECT)  (/home/lvpiche/.cargo/registry/src/github.com-1ecc6299db9ec823/rdkafka-0.27.0/src/client.rs:92)
2021-11-07 19:50:50.446844164 UTC    ERROR rdkafka::client - librdkafka: FAIL [thrd:localhost:9092/bootstrap]: localhost:9092/bootstrap: Connect to ipv4#127.0.0.1:9092 failed: Connection refused (after 0ms in state CONNECT)  (/home/lvpiche/.cargo/registry/src/github.com-1ecc6299db9ec823/rdkafka-0.27.0/src/client.rs:63)
2021-11-07 19:50:50.447037946 UTC    ERROR rdkafka::client - librdkafka: Global error: BrokerTransportFailure (Local: Broker transport failure): localhost:9092/bootstrap: Connect to ipv4#127.0.0.1:9092 failed: Connection refused (after 0ms in state CONNECT)  (/home/lvpiche/.cargo/registry/src/github.com-1ecc6299db9ec823/rdkafka-0.27.0/src/client.rs:92)
2021-11-07 19:52:03.739627331 UTC    INFO red_packet_transport::server - Starting event loop
2021-11-07 19:54:37.842208918 UTC    INFO red_packet_transport::server - Message received partition: 0
2021-11-07 19:54:43.811973395 UTC    INFO red_packet_transport::server - Message received partition: 1
2021-11-07 19:54:43.812152444 UTC    INFO red_packet_transport::server - Message received partition: 1
2021-11-07 19:54:43.812220862 UTC    INFO red_packet_transport::server - Message received partition: 1
2021-11-07 19:54:43.812300400 UTC    INFO red_packet_transport::server - Message received partition: 1
2021-11-07 19:54:43.812374591 UTC    INFO red_packet_transport::server - Message received partition: 1
2021-11-07 19:54:43.812432015 UTC    INFO red_packet_transport::server - Message received partition: 1
2021-11-07 19:54:43.812483056 UTC    INFO red_packet_transport::server - Message received partition: 1
2021-11-07 19:54:43.812547337 UTC    INFO red_packet_transport::server - Message received partition: 1
2021-11-07 19:54:43.812607775 UTC    INFO red_packet_transport::server - Message received partition: 1
2021-11-07 19:54:43.812661907 UTC    INFO red_packet_transport::server - Message received partition: 1
2021-11-07 19:54:43.812750845 UTC    INFO red_packet_transport::server - Message received partition: 1
2021-11-07 19:54:43.812807417 UTC    INFO red_packet_transport::server - Message received partition: 1
2021-11-07 19:54:43.812874875 UTC    INFO red_packet_transport::server - Message received partition: 1
2021-11-07 19:54:43.812940921 UTC    INFO red_packet_transport::server - Message received partition: 1
2021-11-07 19:54:43.813006169 UTC    INFO red_packet_transport::server - Message received partition: 1
2021-11-07 19:54:43.813058268 UTC    INFO red_packet_transport::server - Message received partition: 1
2021-11-07 19:54:43.813130295 UTC    INFO red_packet_transport::server - Message received partition: 1
2021-11-07 19:54:43.813190580 UTC    INFO red_packet_transport::server - Message received partition: 1
2021-11-07 19:54:43.813243536 UTC    INFO red_packet_transport::server - Message received partition: 1
2021-11-07 19:54:43.813296043 UTC    INFO red_packet_transport::server - Message received partition: 1
2021-11-07 19:54:43.813345427 UTC    INFO red_packet_transport::server - Message received partition: 1
2021-11-07 19:54:43.813420605 UTC    INFO red_packet_transport::server - Message received partition: 1
2021-11-07 19:54:43.813488647 UTC    INFO red_packet_transport::server - Message received partition: 1
2021-11-07 19:54:43.813666156 UTC    INFO red_packet_transport::server - Message received partition: 1
2021-11-07 19:54:43.813770958 UTC    INFO red_packet_transport::server - Message received partition: 1
2021-11-07 19:54:43.813831481 UTC    INFO red_packet_transport::server - Message received partition: 1
2021-11-07 19:54:43.814002528 UTC    INFO red_packet_transport::server - Message received partition: 1
2021-11-07 19:54:43.814090846 UTC    INFO red_packet_transport::server - Message received partition: 1
2021-11-07 19:54:43.814162550 UTC    INFO red_packet_transport::server - Message received partition: 1
2021-11-07 19:54:43.814213488 UTC    INFO red_packet_transport::server - Message received partition: 0
2021-11-07 19:54:43.814261502 UTC    INFO red_packet_transport::server - Message received partition: 0
2021-11-07 19:54:43.814308618 UTC    INFO red_packet_transport::server - Message received partition: 0
2021-11-07 19:54:43.814391887 UTC    INFO red_packet_transport::server - Message received partition: 0
2021-11-07 19:54:43.814451858 UTC    INFO red_packet_transport::server - Message received partition: 0
2021-11-07 19:54:43.814510210 UTC    INFO red_packet_transport::server - Message received partition: 0
2021-11-07 19:54:43.814565861 UTC    INFO red_packet_transport::server - Message received partition: 0
2021-11-07 19:54:43.814660176 UTC    INFO red_packet_transport::server - Message received partition: 0
2021-11-07 19:54:43.814759045 UTC    INFO red_packet_transport::server - Message received partition: 0
2021-11-07 19:54:43.814843830 UTC    INFO red_packet_transport::server - Message received partition: 0
2021-11-07 19:54:43.814922140 UTC    INFO red_packet_transport::server - Message received partition: 0
2021-11-07 19:54:43.815058483 UTC    INFO red_packet_transport::server - Message received partition: 0
2021-11-07 19:54:43.815145361 UTC    INFO red_packet_transport::server - Message received partition: 0
2021-11-07 19:54:43.815206310 UTC    INFO red_packet_transport::server - Message received partition: 0
2021-11-07 19:54:43.815269192 UTC    INFO red_packet_transport::server - Message received partition: 0
2021-11-07 19:54:43.815321782 UTC    INFO red_packet_transport::server - Message received partition: 0
2021-11-07 19:54:43.815396943 UTC    INFO red_packet_transport::server - Message received partition: 0
2021-11-07 19:54:43.815451775 UTC    INFO red_packet_transport::server - Message received partition: 0
2021-11-07 19:54:43.815504565 UTC    INFO red_packet_transport::server - Message received partition: 0
2021-11-07 19:54:43.815728309 UTC    INFO red_packet_transport::server - Message received partition: 0
2021-11-07 19:54:43.815809795 UTC    INFO red_packet_transport::server - Message received partition: 0
2021-11-07 19:54:43.815859853 UTC    INFO red_packet_transport::server - Message received partition: 0
2021-11-07 19:54:43.815902210 UTC    INFO red_packet_transport::server - Message received partition: 0
2021-11-07 19:54:43.815945426 UTC    INFO red_packet_transport::server - Message received partition: 0
2021-11-07 19:54:43.815986312 UTC    INFO red_packet_transport::server - Message received partition: 0
2021-11-07 19:54:43.816094926 UTC    INFO red_packet_transport::server - Message received partition: 0
2021-11-07 19:54:43.816203376 UTC    INFO red_packet_transport::server - Message received partition: 0
2021-11-07 19:54:43.816263630 UTC    INFO red_packet_transport::server - Message received partition: 0
2021-11-07 19:54:43.816305109 UTC    INFO red_packet_transport::server - Message received partition: 0
2021-11-07 19:54:43.816346400 UTC    INFO red_packet_transport::server - Message received partition: 0
2021-11-07 19:54:43.816387034 UTC    INFO red_packet_transport::server - Message received partition: 0
2021-11-07 19:54:43.816424968 UTC    INFO red_packet_transport::server - Message received partition: 0
2021-11-07 19:54:43.816488169 UTC    INFO red_packet_transport::server - Message received partition: 0
2021-11-07 19:54:43.816574340 UTC    INFO red_packet_transport::server - Message received partition: 2
2021-11-07 19:54:43.816640805 UTC    INFO red_packet_transport::server - Message received partition: 2
2021-11-07 19:54:43.816685043 UTC    INFO red_packet_transport::server - Message received partition: 2
2021-11-07 19:54:43.816790574 UTC    INFO red_packet_transport::server - Message received partition: 2
2021-11-07 19:54:43.816853527 UTC    INFO red_packet_transport::server - Message received partition: 2
2021-11-07 19:54:43.816997447 UTC    INFO red_packet_transport::server - Message received partition: 2
2021-11-07 19:54:43.817091713 UTC    INFO red_packet_transport::server - Message received partition: 2
2021-11-07 19:54:43.817171514 UTC    INFO red_packet_transport::server - Message received partition: 2
2021-11-07 19:54:43.817271437 UTC    INFO red_packet_transport::server - Message received partition: 2
2021-11-07 19:54:43.817369926 UTC    INFO red_packet_transport::server - Message received partition: 2
2021-11-07 19:54:43.817432684 UTC    INFO red_packet_transport::server - Message received partition: 2
2021-11-07 19:54:43.817481096 UTC    INFO red_packet_transport::server - Message received partition: 2
2021-11-07 19:54:43.817534909 UTC    INFO red_packet_transport::server - Message received partition: 2
2021-11-07 19:54:43.817589257 UTC    INFO red_packet_transport::server - Message received partition: 2
2021-11-07 19:54:43.817650964 UTC    INFO red_packet_transport::server - Message received partition: 2
2021-11-07 19:54:43.817700262 UTC    INFO red_packet_transport::server - Message received partition: 2
2021-11-07 19:54:43.817745280 UTC    INFO red_packet_transport::server - Message received partition: 2
2021-11-07 19:54:43.817792200 UTC    INFO red_packet_transport::server - Message received partition: 2
2021-11-07 19:54:43.817836984 UTC    INFO red_packet_transport::server - Message received partition: 2
2021-11-07 19:54:43.817879366 UTC    INFO red_packet_transport::server - Message received partition: 2
2021-11-07 19:54:43.817925837 UTC    INFO red_packet_transport::server - Message received partition: 2
2021-11-07 19:54:43.817970534 UTC    INFO red_packet_transport::server - Message received partition: 2
2021-11-07 19:54:43.818013657 UTC    INFO red_packet_transport::server - Message received partition: 2
2021-11-07 19:54:43.818060519 UTC    INFO red_packet_transport::server - Message received partition: 2
2021-11-07 19:54:43.818106275 UTC    INFO red_packet_transport::server - Message received partition: 2
2021-11-07 19:54:43.818150366 UTC    INFO red_packet_transport::server - Message received partition: 2
2021-11-07 19:54:43.818192044 UTC    INFO red_packet_transport::server - Message received partition: 2
2021-11-07 19:54:43.818237006 UTC    INFO red_packet_transport::server - Message received partition: 2
2021-11-07 19:54:43.818318969 UTC    INFO red_packet_transport::server - Message received partition: 2
2021-11-07 19:54:43.818378109 UTC    INFO red_packet_transport::server - Message received partition: 2
2021-11-07 19:54:43.818442793 UTC    INFO red_packet_transport::server - Message received partition: 2
2021-11-07 19:54:43.818492826 UTC    INFO red_packet_transport::server - Message received partition: 2
2021-11-07 19:54:43.818539386 UTC    INFO red_packet_transport::server - Message received partition: 2
2021-11-07 19:54:43.818601585 UTC    INFO red_packet_transport::server - Message received partition: 2
2021-11-07 19:54:43.821928499 UTC    INFO red_packet_transport::server - Message received partition: 2
2021-11-07 19:54:43.822143670 UTC    INFO red_packet_transport::server - Message received partition: 2
2021-11-07 19:54:43.822214403 UTC    INFO red_packet_transport::server - Message received partition: 2
